[2017/07/13 22:10:46 367] transport  1534 HTTP/1.1 200 OK
Content-Type: text/plain
Content-Length: 170
X-Req-Date: 2017/07/13 22:10:46 356
Cache-Control: no-cache
CL: 170
X-Res-Date: 2017/07/13 22:10:46 359

ver=MSSP+0%2E9&ret=0&cver=5%2E0%2E11%2E1086&eps=1&rcs=2&key=0fyALeSsNk8L1FMN9zNaLsWAkt45/vY5uPl/Za8ekRIcU^HBywnTxKrULKuIdArdS^rAmEqoLyKQmaMIMxq8sV3Rmhs5T9hkChmjCDMavLFd0=  
[2017/07/13 22:10:46 367] transport  1281 a_complete_httpmessage  200  
[2017/07/13 22:10:46 367] transport  1390 is_update  true  
[2017/07/13 22:10:46 367] isr_1conn  425  [trans] [isr_1conncisr1P1HHBHeeLHj1aQuyaaaCZah9a73wUC] readable  
[2017/07/13 22:10:46 367] isr_1conn  429  size =   366  
[2017/07/13 22:10:46 368] isr_1conn  461  response  
[2017/07/13 22:10:46 369] isr_1conn  518  resp_syncid =  0  
[2017/07/13 22:10:46 369] isr_1conn  568  0  0  2  1  
[2017/07/13 22:10:46 370] transport  480  [soc] [0] send ok  712  
[2017/07/13 22:10:46 382] transport  492  [soc] [0] readable  
[2017/07/13 22:10:46 383] transport  1534 HTTP/1.1 200 OK
Content-Type: multipart/mixed;boundary=--
Content-Length: 322
X-Req-Date: 2017/07/13 22:10:46 372
Cache-Control: no-cache
CL: 322
X-Res-Date: 2017/07/13 22:10:46 377

----
Content-Length:176

ver=MSSP+0%2E9&ret=0&cver=5%2E0%2E11%2E1086&rss=5&eps=3&rcs=5&key=0fyALeSsNk8L1FMN9zNaLsWAkt45/vY5uPl/Za8ekRIcU^HBywnTxKrULKuIdArdS^rAmEqoLyKQmaMIMxq8sV3fweuiqmNJb/mjCDMavLFd0=
----
Content-Length:8
Content-Type:binary/recresult;charset=utf8
Content-Encoding:encrypt/0.2

¤Ï©B*UÌ
------  
[2017/07/13 22:10:46 384] transport  1281 a_complete_httpmessage  200  
[2017/07/13 22:10:46 384] transport  1390 is_update  true  
[2017/07/13 22:10:46 384] isr_1conn  425  [trans] [isr_1conncisr1P1HHBHeeLHj1aQuyaaaCZah9a73wUC] readable  
[2017/07/13 22:10:46 384] isr_1conn  429  size =   244  
[2017/07/13 22:10:46 385] isr_1conn  461  response  
[2017/07/13 22:10:46 386] isr_1conn  518  resp_syncid =  3  
[2017/07/13 22:10:46 386] isr_1conn  568  3  5  5  3  
[2017/07/13 22:10:46 387] isr_1conn  582  [session] got last result  
[2017/07/13 22:10:46 387] isr_1conn  587  time from last audio to last result:  22  .  
[2017/07/13 22:10:46 387] isr_1conn  588  time from session-begin to session-end:  6645  .  
[2017/07/13 22:10:46 393] network    85   ipfromenv ,  ipcache  dev.voicecloud.cn  def  117.121.21.150  
[2017/07/13 22:10:46 394] transport  877  cached ip is confirmed  
[2017/07/13 22:10:46 394] transport  1139 [soc] disconnect   
[2017/07/13 22:10:46 395] isr_1conn  597  [session] got 3th result  
[2017/07/13 22:10:46 526] isr_1conn  1758 ASR_CLOUD_MSG_AUW  3200  2  
[2017/07/13 22:10:46 732] isr_1conn  1915 ASR_CLOUD_MSG_SSE  
[2017/07/13 22:10:46 742] isr_1conn  1250 isr_1conn session info  
[2017/07/13 22:10:46 756] isr_1conn  2059 session finished! ret =   0  
